<?xml version="1.0" encoding="UTF-8"?>
<testng-results ignored="0" total="5" passed="5" failed="0" skipped="0">
  <reporter-output>
  </reporter-output>
  <suite started-at="2026-03-31T15:52:39 IST" name="OpenCart Suite" finished-at="2026-03-31T15:53:35 IST" duration-ms="55603">
    <groups>
      <group name="Master">
        <method signature="AccountRegistrationTest.verifyAccount_Registration()[pri:0, instance:tests.AccountRegistrationTest@7a527389]" name="verifyAccount_Registration" class="tests.AccountRegistrationTest"/>
        <method signature="LoginTest.verifyLogin()[pri:0, instance:tests.LoginTest@3d484181]" name="verifyLogin" class="tests.LoginTest"/>
        <method signature="LoginTest.verifyLogin()[pri:0, instance:tests.LoginTest@2e54db99]" name="verifyLogin" class="tests.LoginTest"/>
        <method signature="AccountRegistrationTest.verifyAccount_Registration()[pri:0, instance:tests.AccountRegistrationTest@6d24ffa1]" name="verifyAccount_Registration" class="tests.AccountRegistrationTest"/>
        <method signature="LoginTest.verifyLogin()[pri:0, instance:tests.LoginTest@4f2613d1]" name="verifyLogin" class="tests.LoginTest"/>
      </group> <!-- Master -->
      <group name="Sanity">
        <method signature="LoginTest.verifyLogin()[pri:0, instance:tests.LoginTest@3d484181]" name="verifyLogin" class="tests.LoginTest"/>
        <method signature="LoginTest.verifyLogin()[pri:0, instance:tests.LoginTest@2e54db99]" name="verifyLogin" class="tests.LoginTest"/>
        <method signature="LoginTest.verifyLogin()[pri:0, instance:tests.LoginTest@4f2613d1]" name="verifyLogin" class="tests.LoginTest"/>
      </group> <!-- Sanity -->
    </groups>
    <test started-at="2026-03-31T15:52:39 IST" name="Firefox Tests" finished-at="2026-03-31T15:52:56 IST" duration-ms="16566">
      <class name="tests.LoginTest">
        <test-method is-config="true" signature="setup(java.lang.String)[pri:0, instance:tests.LoginTest@2e54db99]" started-at="2026-03-31T15:52:39 IST" name="setup" finished-at="2026-03-31T15:52:52 IST" duration-ms="12486" status="PASS">
          <params>
            <param index="0">
              <value>
                <![CDATA[firefox]]>
              </value>
            </param>
          </params>
          <reporter-output>
          </reporter-output>
        </test-method> <!-- setup -->
        <test-method signature="verifyLogin()[pri:0, instance:tests.LoginTest@2e54db99]" started-at="2026-03-31T15:52:52 IST" name="verifyLogin" finished-at="2026-03-31T15:52:55 IST" duration-ms="2825" status="PASS">
          <reporter-output>
          </reporter-output>
        </test-method> <!-- verifyLogin -->
        <test-method is-config="true" signature="teardown()[pri:0, instance:tests.LoginTest@2e54db99]" started-at="2026-03-31T15:52:55 IST" name="teardown" finished-at="2026-03-31T15:52:56 IST" duration-ms="1153" status="PASS">
          <reporter-output>
          </reporter-output>
        </test-method> <!-- teardown -->
      </class> <!-- tests.LoginTest -->
    </test> <!-- Firefox Tests -->
    <test started-at="2026-03-31T15:52:39 IST" name="Edge Tests" finished-at="2026-03-31T15:53:26 IST" duration-ms="46350">
      <class name="tests.LoginTest">
        <test-method is-config="true" signature="setup(java.lang.String)[pri:0, instance:tests.LoginTest@4f2613d1]" started-at="2026-03-31T15:52:39 IST" name="setup" finished-at="2026-03-31T15:53:02 IST" duration-ms="22997" status="PASS">
          <params>
            <param index="0">
              <value>
                <![CDATA[edge]]>
              </value>
            </param>
          </params>
          <reporter-output>
          </reporter-output>
        </test-method> <!-- setup -->
        <test-method signature="verifyLogin()[pri:0, instance:tests.LoginTest@4f2613d1]" started-at="2026-03-31T15:53:02 IST" name="verifyLogin" finished-at="2026-03-31T15:53:06 IST" duration-ms="3312" status="PASS">
          <reporter-output>
          </reporter-output>
        </test-method> <!-- verifyLogin -->
        <test-method is-config="true" signature="teardown()[pri:0, instance:tests.LoginTest@4f2613d1]" started-at="2026-03-31T15:53:06 IST" name="teardown" finished-at="2026-03-31T15:53:07 IST" duration-ms="928" status="PASS">
          <reporter-output>
          </reporter-output>
        </test-method> <!-- teardown -->
      </class> <!-- tests.LoginTest -->
      <class name="tests.AccountRegistrationTest">
        <test-method is-config="true" signature="setup(java.lang.String)[pri:0, instance:tests.AccountRegistrationTest@6d24ffa1]" started-at="2026-03-31T15:53:07 IST" name="setup" finished-at="2026-03-31T15:53:22 IST" duration-ms="14928" status="PASS">
          <params>
            <param index="0">
              <value>
                <![CDATA[firefox]]>
              </value>
            </param>
          </params>
          <reporter-output>
          </reporter-output>
        </test-method> <!-- setup -->
        <test-method signature="verifyAccount_Registration()[pri:0, instance:tests.AccountRegistrationTest@6d24ffa1]" started-at="2026-03-31T15:53:22 IST" name="verifyAccount_Registration" finished-at="2026-03-31T15:53:25 IST" duration-ms="3014" status="PASS">
          <reporter-output>
          </reporter-output>
        </test-method> <!-- verifyAccount_Registration -->
        <test-method is-config="true" signature="teardown()[pri:0, instance:tests.AccountRegistrationTest@6d24ffa1]" started-at="2026-03-31T15:53:25 IST" name="teardown" finished-at="2026-03-31T15:53:26 IST" duration-ms="1097" status="PASS">
          <reporter-output>
          </reporter-output>
        </test-method> <!-- teardown -->
      </class> <!-- tests.AccountRegistrationTest -->
    </test> <!-- Edge Tests -->
    <test started-at="2026-03-31T15:52:39 IST" name="Chrome Tests" finished-at="2026-03-31T15:53:35 IST" duration-ms="55603">
      <class name="tests.LoginTest">
        <test-method is-config="true" signature="setup(java.lang.String)[pri:0, instance:tests.LoginTest@3d484181]" started-at="2026-03-31T15:52:39 IST" name="setup" finished-at="2026-03-31T15:53:11 IST" duration-ms="31938" status="PASS">
          <params>
            <param index="0">
              <value>
                <![CDATA[chrome]]>
              </value>
            </param>
          </params>
          <reporter-output>
          </reporter-output>
        </test-method> <!-- setup -->
        <test-method signature="verifyLogin()[pri:0, instance:tests.LoginTest@3d484181]" started-at="2026-03-31T15:53:11 IST" name="verifyLogin" finished-at="2026-03-31T15:53:15 IST" duration-ms="4014" status="PASS">
          <reporter-output>
          </reporter-output>
        </test-method> <!-- verifyLogin -->
        <test-method is-config="true" signature="teardown()[pri:0, instance:tests.LoginTest@3d484181]" started-at="2026-03-31T15:53:15 IST" name="teardown" finished-at="2026-03-31T15:53:16 IST" duration-ms="1028" status="PASS">
          <reporter-output>
          </reporter-output>
        </test-method> <!-- teardown -->
      </class> <!-- tests.LoginTest -->
      <class name="tests.AccountRegistrationTest">
        <test-method is-config="true" signature="setup(java.lang.String)[pri:0, instance:tests.AccountRegistrationTest@7a527389]" started-at="2026-03-31T15:53:16 IST" name="setup" finished-at="2026-03-31T15:53:30 IST" duration-ms="14027" status="PASS">
          <params>
            <param index="0">
              <value>
                <![CDATA[firefox]]>
              </value>
            </param>
          </params>
          <reporter-output>
          </reporter-output>
        </test-method> <!-- setup -->
        <test-method signature="verifyAccount_Registration()[pri:0, instance:tests.AccountRegistrationTest@7a527389]" started-at="2026-03-31T15:53:30 IST" name="verifyAccount_Registration" finished-at="2026-03-31T15:53:34 IST" duration-ms="3464" status="PASS">
          <reporter-output>
          </reporter-output>
        </test-method> <!-- verifyAccount_Registration -->
        <test-method is-config="true" signature="teardown()[pri:0, instance:tests.AccountRegistrationTest@7a527389]" started-at="2026-03-31T15:53:34 IST" name="teardown" finished-at="2026-03-31T15:53:35 IST" duration-ms="1058" status="PASS">
          <reporter-output>
          </reporter-output>
        </test-method> <!-- teardown -->
      </class> <!-- tests.AccountRegistrationTest -->
    </test> <!-- Chrome Tests -->
  </suite> <!-- OpenCart Suite -->
</testng-results>
