<?xml version="1.0" encoding="UTF-8"?>
<!-- Generated by org.testng.reporters.JUnitReportReporter -->
<testsuite hostname="DESKTOP-F7PPQKE" failures="0" tests="3" name="tests.LoginTest" time="80.681" errors="0" timestamp="2026-03-31T15:53:35 IST" skipped="0">
  <testcase classname="tests.LoginTest" name="verifyLogin" time="36.980"/>
  <testcase classname="tests.LoginTest" name="verifyLogin" time="16.464"/>
  <testcase classname="tests.LoginTest" name="verifyLogin" time="27.237"/>
</testsuite> <!-- tests.LoginTest -->
