<?xml version="1.0" encoding="UTF-8"?>
<!-- Generated by org.testng.reporters.JUnitReportReporter -->
<testsuite hostname="DESKTOP-F7PPQKE" failures="0" tests="2" name="tests.AccountRegistrationTest" time="37.588" errors="0" timestamp="2026-03-31T15:53:35 IST" skipped="0">
  <testcase classname="tests.AccountRegistrationTest" name="verifyAccount_Registration" time="19.039"/>
  <testcase classname="tests.AccountRegistrationTest" name="verifyAccount_Registration" time="18.549"/>
</testsuite> <!-- tests.AccountRegistrationTest -->
